<?xml version="1.0" encoding="UTF-8"?>
<!-- Generated by org.testng.reporters.JUnitReportReporter -->
<testsuite skipped="0" hostname="WorldBrand-PC" name="com.inetbanking.testCases.TC_LoginTest_001" tests="1" failures="0" timestamp="25 Apr 2021 18:45:28 GMT" time="6.801" errors="0">
  <testcase name="loginTest" time="6.801" classname="com.inetbanking.testCases.TC_LoginTest_001"/>
</testsuite> <!-- com.inetbanking.testCases.TC_LoginTest_001 -->
