<?xml version="1.0" encoding="UTF-8"?>
<!-- Generated by org.testng.reporters.JUnitReportReporter -->
<testsuite skipped="0" hostname="WorldBrand-PC" name="com.digitalpay.testCases.BaseClass" tests="1" failures="0" timestamp="2021-06-11T02:52:10 IST" time="38.707" errors="0">
  <testcase name="setup" time="38.707" classname="com.digitalpay.testCases.BaseClass"/>
  <system-out/>
</testsuite> <!-- com.digitalpay.testCases.BaseClass -->
