<?xml version="1.0" encoding="UTF-8"?>
<!-- Generated by org.testng.reporters.JUnitReportReporter -->
<testsuite skipped="0" hostname="WorldBrand-PC" name="com.digitalpay.testCases.TC_LoginTest_001" tests="1" failures="0" timestamp="2021-06-22T23:21:57 IST" time="0.071" errors="0">
  <testcase name="login" time="0.071" classname="com.digitalpay.testCases.TC_LoginTest_001"/>
  <system-out/>
</testsuite> <!-- com.digitalpay.testCases.TC_LoginTest_001 -->
